<?xml version="1.0" encoding="UTF-8"?>
<!-- Generated by org.testng.reporters.JUnitXMLReporter -->
<testsuite ignored="0" hostname="Suryastark" failures="2" tests="6" name="Linux-Chrome" time="61.781" errors="0" timestamp="2024-12-19T20:13:14 IST">
  <testcase classname="testCases.TC001_AccountRegistrationTest" name="verify_account_registration" time="4.453"/>
  <testcase classname="testCases.TC002_LoginTest" name="verify_login" time="2.368"/>
  <testcase classname="testCases.TC003_LoginDDT" name="verif_loginDDT" time="12.231"/>
  <testcase classname="testCases.TC003_LoginDDT" name="verif_loginDDT" time="2.569"/>
  <testcase classname="testCases.TC003_LoginDDT" name="verif_loginDDT" time="2.813">
    <failure type="java.lang.AssertionError" message="expected [true] but found [false]">
      <![CDATA[java.lang.AssertionError: expected [true] but found [false]
at testCases.TC003_LoginDDT.verif_loginDDT(TC003_LoginDDT.java:63)
at java.base/java.util.ArrayList.forEach(ArrayList.java:1597)
... Removed 29 stack frames]]>
    </failure>
  </testcase> <!-- verif_loginDDT -->
  <testcase classname="testCases.TC003_LoginDDT" name="verif_loginDDT" time="11.919">
    <failure type="java.lang.AssertionError" message="expected [true] but found [false]">
      <![CDATA[java.lang.AssertionError: expected [true] but found [false]
at testCases.TC003_LoginDDT.verif_loginDDT(TC003_LoginDDT.java:53)
at java.base/java.util.ArrayList.forEach(ArrayList.java:1597)
... Removed 29 stack frames]]>
    </failure>
  </testcase> <!-- verif_loginDDT -->
</testsuite> <!-- Linux-Chrome -->
